arnob@office-pc ~> kubectl logs -n demo pod/mssql-pri-0 --all-containers -f
2022-10-21 09:59:18.15 Server      Setup step is FORCE copying system data file 'C:\templatedata\model_replicatedmaster.mdf' to '/var/opt/mssql/data/model_replicatedmaster.mdf'.
2022-10-21 09:59:18.17 Server      Setup step is FORCE copying system data file 'C:\templatedata\model_replicatedmaster.ldf' to '/var/opt/mssql/data/model_replicatedmaster.ldf'.
2022-10-21 09:59:18.18 Server      Setup step is FORCE copying system data file 'C:\templatedata\model_msdbdata.mdf' to '/var/opt/mssql/data/model_msdbdata.mdf'.
2022-10-21 09:59:18.19 Server      Setup step is FORCE copying system data file 'C:\templatedata\model_msdblog.ldf' to '/var/opt/mssql/data/model_msdblog.ldf'.
2022-10-21 09:59:18.22 Server      Microsoft SQL Server 2019 (RTM-CU18) (KB5017593) - 15.0.4261.1 (X64)
	Sep 12 2022 15:07:06
	Copyright (C) 2019 Microsoft Corporation
	Developer Edition (64-bit) on Linux (Ubuntu 20.04.5 LTS) <X64>
2022-10-21 09:59:18.22 Server      UTC adjustment: 0:00
2022-10-21 09:59:18.22 Server      (c) Microsoft Corporation.
2022-10-21 09:59:18.23 Server      All rights reserved.
2022-10-21 09:59:18.23 Server      Server process ID is 392.
2022-10-21 09:59:18.23 Server      Logging SQL Server messages in file '/var/opt/mssql/log/errorlog'.
2022-10-21 09:59:18.23 Server      Registry startup parameters:
	 -d /var/opt/mssql/data/master.mdf
	 -l /var/opt/mssql/data/mastlog.ldf
	 -e /var/opt/mssql/log/errorlog
2022-10-21 09:59:18.23 Server      SQL Server detected 1 sockets with 6 cores per socket and 12 logical processors per socket, 12 total logical processors; using 12 logical processors based on SQL Server licensing. This is an informational message; no user action is required.
2022-10-21 09:59:18.23 Server      SQL Server is starting at normal priority base (=7). This is an informational message only. No user action is required.
2022-10-21 09:59:18.23 Server      Detected 12639 MB of RAM. This is an informational message; no user action is required.
2022-10-21 09:59:18.23 Server      Using conventional memory in the memory manager.
2022-10-21 09:59:18.24 Server      Page exclusion bitmap is enabled.
2022-10-21 09:59:18.28 Server      Buffer pool extension is not supported on Linux platform.
2022-10-21 09:59:18.28 Server      Buffer Pool: Allocating 2097152 bytes for 1941688 hashPages.
2022-10-21 09:59:18.35 Server      Buffer pool extension is already disabled. No action is necessary.
2022-10-21 09:59:18.50 Server      Successfully initialized the TLS configuration. Allowed TLS protocol versions are ['1.0 1.1 1.2']. Allowed TLS ciphers are ['ECDHE-ECDSA-AES128-GCM-SHA256:ECDHE-ECDSA-AES256-GCM-SHA384:ECDHE-RSA-AES128-GCM-SHA256:ECDHE-RSA-AES256-GCM-SHA384:ECDHE-ECDSA-AES128-SHA256:ECDHE-ECDSA-AES256-SHA384:ECDHE-ECDSA-AES256-SHA:ECDHE-ECDSA-AES128-SHA:AES256-GCM-SHA384:AES128-GCM-SHA256:AES256-SHA256:AES128-SHA256:AES256-SHA:AES128-SHA:!DHE-RSA-AES256-GCM-SHA384:!DHE-RSA-AES128-GCM-SHA256:!DHE-RSA-AES256-SHA:!DHE-RSA-AES128-SHA'].
2022-10-21 09:59:18.51 Server      Query Store settings initialized with enabled = 1,
2022-10-21 09:59:18.51 Server      The maximum number of dedicated administrator connections for this instance is '1'
2022-10-21 09:59:18.52 Server      Node configuration: node 0: CPU mask: 0x0000000000000fff:0 Active CPU mask: 0x0000000000000fff:0. This message provides a description of the NUMA configuration for this computer. This is an informational message only. No user action is required.
2022-10-21 09:59:18.53 Server      Using dynamic lock allocation.  Initial allocation of 2500 Lock blocks and 5000 Lock Owner blocks per node.  This is an informational message only.  No user action is required.
2022-10-21 09:59:18.53 Server      In-Memory OLTP initialized on standard machine.
2022-10-21 09:59:18.55 Server      [INFO] Created Extended Events session 'hkenginexesession'
2022-10-21 09:59:18.55 Server      Database Instant File Initialization: enabled. For security and performance considerations see the topic 'Database Instant File Initialization' in SQL Server Books Online. This is an informational message only. No user action is required.
ForceFlush is enabled for this instance.
2022-10-21 09:59:18.55 Server      Total Log Writer threads: 2. This is an informational message; no user action is required.
2022-10-21 09:59:18.55 Server      clflushopt is selected for pmem flush operation.
2022-10-21 09:59:18.55 Server      Software Usage Metrics is disabled.
2022-10-21 09:59:18.56 spid9s      [1]. Feature Status: PVS: 0. CTR: 0. ConcurrentPFSUpdate: 1.
2022-10-21 09:59:18.56 spid9s      Starting up database 'master'.
ForceFlush feature is enabled for log durability.
2022-10-21 09:59:18.60 spid9s      24 transactions rolled forward in database 'master' (1:0). This is an informational message only. No user action is required.
2022-10-21 09:59:18.60 spid9s      0 transactions rolled back in database 'master' (1:0). This is an informational message only. No user action is required.
2022-10-21 09:59:18.61 spid9s      Recovery is writing a checkpoint in database 'master' (1). This is an informational message only. No user action is required.
2022-10-21 09:59:18.65 Server      CLR version v4.0.30319 loaded.
2022-10-21 09:59:18.68 spid9s      Resource governor reconfiguration succeeded.
2022-10-21 09:59:18.68 spid9s      SQL Server Audit is starting the audits. This is an informational message. No user action is required.
2022-10-21 09:59:18.69 spid9s      SQL Server Audit has started the audits. This is an informational message. No user action is required.
2022-10-21 09:59:18.71 spid9s      SQL Trace ID 1 was started by login "sa".
2022-10-21 09:59:18.72 spid9s      Server name is 'mssql-pri-0'. This is an informational message only. No user action is required.
2022-10-21 09:59:18.73 spid24s     Always On: The availability replica manager is starting. This is an informational message only. No user action is required.
2022-10-21 09:59:18.73 spid9s      [4]. Feature Status: PVS: 0. CTR: 0. ConcurrentPFSUpdate: 1.
2022-10-21 09:59:18.73 spid24s     Always On: The availability replica manager is waiting for the instance of SQL Server to allow client connections. This is an informational message only. No user action is required.
2022-10-21 09:59:18.74 spid12s     [32767]. Feature Status: PVS: 0. CTR: 0. ConcurrentPFSUpdate: 1.
2022-10-21 09:59:18.74 spid9s      Starting up database 'msdb'.
2022-10-21 09:59:18.74 spid12s     Starting up database 'mssqlsystemresource'.
2022-10-21 09:59:18.74 spid12s     The resource database build version is 15.00.4261. This is an informational message only. No user action is required.
2022-10-21 09:59:18.75 spid23s     A self-generated certificate was successfully loaded for encryption.
2022-10-21 09:59:18.76 spid12s     [3]. Feature Status: PVS: 0. CTR: 0. ConcurrentPFSUpdate: 1.
2022-10-21 09:59:18.76 spid23s     Server is listening on [ 'any' <ipv6> 1433].
2022-10-21 09:59:18.76 spid12s     Starting up database 'model'.
2022-10-21 09:59:18.76 spid23s     Server is listening on [ 'any' <ipv4> 1433].
2022-10-21 09:59:18.77 Server      Server is listening on [ ::1 <ipv6> 1434].
2022-10-21 09:59:18.77 Server      Server is listening on [ 127.0.0.1 <ipv4> 1434].
2022-10-21 09:59:18.77 Server      Dedicated admin connection support was established for listening locally on port 1434.
It was not possible to find any compatible framework version
The framework 'Microsoft.NETCore.App', version '6.0.0' was not found.
  - The following frameworks were found:
      3.1.30 at [/usr/share/dotnet/shared/Microsoft.NETCore.App]

You can resolve the problem by installing the specified framework and/or SDK.

The specified framework can be found at:
  - https://aka.ms/dotnet-core-applaunch?framework=Microsoft.NETCore.App&framework_version=6.0.0&arch=x64&rid=ubuntu.20.04-x64
2022-10-21 09:59:18.77 spid23s     Server is listening on [ ::1 <ipv6> 1431].
2022-10-21 09:59:18.78 spid23s     Server is listening on [ 127.0.0.1 <ipv4> 1431].
2022-10-21 09:59:18.78 spid23s   It was not possible to find any compatible framework version
 The framework 'Microsoft.NETCore.App', version '6.0.0' was not found.
  - The following frameworks were found:
      3.1.30 at [/usr/share/dotnet/shared/Microsoft.NETCore.App]

SYou can resolve the problem by installing the specified framework and/or SDK.

The specified framework can be found at:
  - https://aka.ms/dotnet-core-applaunch?framework=Microsoft.NETCore.App&framework_version=6.0.0&arch=x64&rid=ubuntu.20.04-x64
QL Server is now ready for client connections. This is an informational message; no user action is required.
It was not possible to find any compatible framework version
The framework 'Microsoft.NETCore.App', version '6.0.0' was not found.
  - The following frameworks were found:
      3.1.30 at [/usr/share/dotnet/shared/Microsoft.NETCore.App]

You can resolve the problem by installing the specified framework and/or SDK.

The specified framework can be found at:
  - https://aka.ms/dotnet-core-applaunch?framework=Microsoft.NETCore.App&framework_version=6.0.0&arch=x64&rid=ubuntu.20.04-x64
2022-10-21 09:59:18.80 spid9s      10 transactions rolled forward in database 'msdb' (4:0). This is an informational message only. No user action is required.
2022-10-21 09:59:18.80 spid12s     1 transactions rolled forward in database 'model' (3:0). This is an informational message only. No user action is required.
2022-10-21 09:59:18.80 spid9s      0 transactions rolled back in database 'msdb' (4:0). This is an informational message only. No user action is required.
2022-10-21 09:59:18.81 spid9s      Recovery is writing a checkpoint in database 'msdb' (4). This is an informational message only. No user action is required.
2022-10-21 09:59:18.82 spid12s     0 transactions rolled back in database 'model' (3:0). This is an informational message only. No user action is required.
2022-10-21 09:59:18.82 spid12s     Recovery is writing a checkpoint in database 'model' (3). This is an informational message only. No user action is required.
2022-10-21 09:59:18.88 Server      Common language runtime (CLR) functionality initialized.
2022-10-21 09:59:18.94 spid12s     Clearing tempdb database.
2022-10-21 09:59:19.05 spid12s     [2]. Feature Status: PVS: 0. CTR: 0. ConcurrentPFSUpdate: 1.
2022-10-21 09:59:19.05 spid12s     Starting up database 'tempdb'.
2022-10-21 09:59:19.32 spid12s     The tempdb database has 8 data file(s).
2022-10-21 09:59:19.32 spid24s     The Service Broker endpoint is in disabled or stopped state.
2022-10-21 09:59:19.32 spid24s     The Database Mirroring endpoint is in disabled or stopped state.
2022-10-21 09:59:19.33 spid24s     Service Broker manager has started.
2022-10-21 09:59:19.33 spid9s      Recovery is complete. This is an informational message only. No user action is required.
  sl  local_address rem_address   st tx_queue rx_queue tr tm->when retrnsmt   uid  timeout inode
   0: 0100007F:0597 00000000:0000 0A 00000000:00000000 00:00000000 00000000 10001        0 5172418 1 0000000000000000 100 0 0 10 0
   1: 00000000:0599 00000000:0000 0A 00000000:00000000 00:00000000 00000000 10001        0 5173367 1 0000000000000000 100 0 0 10 0
   2: 0100007F:059A 00000000:0000 0A 00000000:00000000 00:00000000 00000000 10001        0 5177407 1 0000000000000000 100 0 0 10 0
DxHealthMonitor did not complete startup with open listening ports, aborting.
DxLEngine did not complete startup with open listening ports, aborting.
DxCMonitor did not complete startup with open listening ports, aborting.